<?xml version="1.0" encoding="UTF-8"?>
<testsuite xmlns:xsi="http://www.w3.org/2001/XMLSchema-instance" xsi:noNamespaceSchemaLocation="https://maven.apache.org/surefire/maven-surefire-plugin/xsd/surefire-test-report.xsd" version="3.0.2" name="com.PBO.TaleSwipe.DemoApplicationTests" time="7.677" tests="1" errors="0" skipped="0" failures="0">
  <properties>
[...]
</properties>
  <testcase name="contextLoads" classname="com.PBO.TaleSwipe.DemoApplicationTests" time="0.374">
    <system-out><![CDATA[06:32:50.303 [main] INFO org.springframework.test.context.support.AnnotationConfigContextLoaderUtils -- Could not detect default configuration classes for test class [com.PBO.TaleSwipe.DemoApplicationTests]: DemoApplicationTests does not declare any static, non-private, non-final, nested classes annotated with @Configuration.
06:32:50.450 [main] INFO org.springframework.boot.test.context.SpringBootTestContextBootstrapper -- Found @SpringBootConfiguration com.PBO.TaleSwipe.TaleswipeApplication for test class com.PBO.TaleSwipe.DemoApplicationTests
06:32:50.653 [main] INFO org.springframework.boot.devtools.restart.RestartApplicationListener -- Restart disabled due to context in which it is running

  .   ____          _            __ _ _
 /\\ / ___'_ __ _ _(_)_ __  __ _ \ \ \ \
( ( )\___ | '_ | '_| | '_ \/ _` | \ \ \ \
 \\/  ___)| |_)| | | | | || (_| |  ) ) ) )
  '  |____| .__|_| |_|_| |_\__, | / / / /
 =========|_|==============|___/=/_/_/_/

 :: Spring Boot ::                (v3.5.0)

2025-06-15T06:32:51.020+07:00  INFO 44932 --- [taleswipe] [           main] com.PBO.TaleSwipe.DemoApplicationTests   : Starting DemoApplicationTests using Java 23.0.2 with PID 44932 (started by IRHAM in D:\kuliah\semester 4\PBO\tubes\TaleSwipe_BE\demo)
2025-06-15T06:32:51.021+07:00  INFO 44932 --- [taleswipe] [           main] com.PBO.TaleSwipe.DemoApplicationTests   : No active profile set, falling back to 1 default profile: "default"
2025-06-15T06:32:51.060+07:00 DEBUG 44932 --- [taleswipe] [           main] o.s.w.c.s.GenericWebApplicationContext   : Refreshing org.springframework.web.context.support.GenericWebApplicationContext@680362a
2025-06-15T06:32:51.991+07:00  INFO 44932 --- [taleswipe] [           main] .s.d.r.c.RepositoryConfigurationDelegate : Bootstrapping Spring Data JPA repositories in DEFAULT mode.
2025-06-15T06:32:52.086+07:00  INFO 44932 --- [taleswipe] [           main] .s.d.r.c.RepositoryConfigurationDelegate : Finished Spring Data repository scanning in 82 ms. Found 5 JPA repository interfaces.
2025-06-15T06:32:52.851+07:00  INFO 44932 --- [taleswipe] [           main] o.hibernate.jpa.internal.util.LogHelper  : HHH000204: Processing PersistenceUnitInfo [name: default]
2025-06-15T06:32:53.025+07:00  INFO 44932 --- [taleswipe] [           main] org.hibernate.Version                    : HHH000412: Hibernate ORM core version 6.6.15.Final
2025-06-15T06:32:53.080+07:00  INFO 44932 --- [taleswipe] [           main] o.h.c.internal.RegionFactoryInitiator    : HHH000026: Second-level cache disabled
2025-06-15T06:32:53.481+07:00  INFO 44932 --- [taleswipe] [           main] o.s.o.j.p.SpringPersistenceUnitInfo      : No LoadTimeWeaver setup: ignoring JPA class transformer
2025-06-15T06:32:53.514+07:00  INFO 44932 --- [taleswipe] [           main] com.zaxxer.hikari.HikariDataSource       : HikariPool-1 - Starting...
2025-06-15T06:32:53.718+07:00  INFO 44932 --- [taleswipe] [           main] com.zaxxer.hikari.pool.HikariPool        : HikariPool-1 - Added connection org.postgresql.jdbc.PgConnection@4a520f05
2025-06-15T06:32:53.720+07:00  INFO 44932 --- [taleswipe] [           main] com.zaxxer.hikari.HikariDataSource       : HikariPool-1 - Start completed.
2025-06-15T06:32:53.754+07:00  WARN 44932 --- [taleswipe] [           main] org.hibernate.orm.deprecation            : HHH90000025: PostgreSQLDialect does not need to be specified explicitly using 'hibernate.dialect' (remove the property setting and it will be selected by default)
2025-06-15T06:32:53.780+07:00  INFO 44932 --- [taleswipe] [           main] org.hibernate.orm.connections.pooling    : HHH10001005: Database info:
	Database JDBC URL [Connecting through datasource 'HikariDataSource (HikariPool-1)']
	Database driver: undefined/unknown
	Database version: 17.5
	Autocommit mode: undefined/unknown
	Isolation level: undefined/unknown
	Minimum pool size: undefined/unknown
	Maximum pool size: undefined/unknown
2025-06-15T06:32:54.913+07:00  INFO 44932 --- [taleswipe] [           main] o.h.e.t.j.p.i.JtaPlatformInitiator       : HHH000489: No JTA platform available (set 'hibernate.transaction.jta.platform' to enable JTA platform integration)
2025-06-15T06:32:54.926+07:00 DEBUG 44932 --- [taleswipe] [           main] org.hibernate.SQL                        : 
    set client_min_messages = WARNING
Hibernate: 
    set client_min_messages = WARNING
2025-06-15T06:32:54.929+07:00 DEBUG 44932 --- [taleswipe] [           main] org.hibernate.SQL                        : 
    alter table if exists comments 
       drop constraint if exists FK7h839m3lkvhbyv3bcdv7sm4fj
Hibernate: 
    alter table if exists comments 
       drop constraint if exists FK7h839m3lkvhbyv3bcdv7sm4fj
2025-06-15T06:32:54.931+07:00 DEBUG 44932 --- [taleswipe] [           main] org.hibernate.SQL                        : 
    alter table if exists comments 
       drop constraint if exists FKmb9bc55qru1mpcrpqducqc7c
Hibernate: 
    alter table if exists comments 
       drop constraint if exists FKmb9bc55qru1mpcrpqducqc7c
2025-06-15T06:32:54.932+07:00 DEBUG 44932 --- [taleswipe] [           main] org.hibernate.SQL                        : 
    alter table if exists comments 
       drop constraint if exists FK8omq0tc18jd43bu5tjh6jvraq
Hibernate: 
    alter table if exists comments 
       drop constraint if exists FK8omq0tc18jd43bu5tjh6jvraq
2025-06-15T06:32:54.933+07:00 DEBUG 44932 --- [taleswipe] [           main] org.hibernate.SQL                        : 
    alter table if exists pages 
       drop constraint if exists FKefri28o4xrb1uj1ermdq5w8pv
Hibernate: 
    alter table if exists pages 
       drop constraint if exists FKefri28o4xrb1uj1ermdq5w8pv
2025-06-15T06:32:54.935+07:00 DEBUG 44932 --- [taleswipe] [           main] org.hibernate.SQL                        : 
    alter table if exists reports 
       drop constraint if exists FKgs3miqdd5ftfsqcg0nxp205ko
Hibernate: 
    alter table if exists reports 
       drop constraint if exists FKgs3miqdd5ftfsqcg0nxp205ko
2025-06-15T06:32:54.936+07:00 DEBUG 44932 --- [taleswipe] [           main] org.hibernate.SQL                        : 
    alter table if exists reports 
       drop constraint if exists FKaf5vwr2r9722vw8buhtjmf3do
Hibernate: 
    alter table if exists reports 
       drop constraint if exists FKaf5vwr2r9722vw8buhtjmf3do
2025-06-15T06:32:54.938+07:00 DEBUG 44932 --- [taleswipe] [           main] org.hibernate.SQL                        : 
    alter table if exists stories 
       drop constraint if exists FKa4ak6n0w5tjjxht2tky5iovmc
Hibernate: 
    alter table if exists stories 
       drop constraint if exists FKa4ak6n0w5tjjxht2tky5iovmc
2025-06-15T06:32:54.938+07:00 DEBUG 44932 --- [taleswipe] [           main] org.hibernate.SQL                        : 
    alter table if exists story_genres 
       drop constraint if exists FKfdr4gxll84en8qba999025rc9
Hibernate: 
    alter table if exists story_genres 
       drop constraint if exists FKfdr4gxll84en8qba999025rc9
2025-06-15T06:32:54.939+07:00 DEBUG 44932 --- [taleswipe] [           main] org.hibernate.SQL                        : 
    alter table if exists story_likes 
       drop constraint if exists FKi57lrgupecmycbkveelx0bltu
Hibernate: 
    alter table if exists story_likes 
       drop constraint if exists FKi57lrgupecmycbkveelx0bltu
2025-06-15T06:32:54.940+07:00 DEBUG 44932 --- [taleswipe] [           main] org.hibernate.SQL                        : 
    alter table if exists story_likes 
       drop constraint if exists FKo2p5ura3qbwbn1lb46om8en1w
Hibernate: 
    alter table if exists story_likes 
       drop constraint if exists FKo2p5ura3qbwbn1lb46om8en1w
2025-06-15T06:32:54.941+07:00 DEBUG 44932 --- [taleswipe] [           main] org.hibernate.SQL                        : 
    alter table if exists user_genres 
       drop constraint if exists FKmwqpompk5ps1c2gi0569f8mle
Hibernate: 
    alter table if exists user_genres 
       drop constraint if exists FKmwqpompk5ps1c2gi0569f8mle
2025-06-15T06:32:54.942+07:00 DEBUG 44932 --- [taleswipe] [           main] org.hibernate.SQL                        : 
    alter table if exists user_story_interactions 
       drop constraint if exists FK5wbwy245xbjwpqx90sqykvsv4
Hibernate: 
    alter table if exists user_story_interactions 
       drop constraint if exists FK5wbwy245xbjwpqx90sqykvsv4
2025-06-15T06:32:54.943+07:00 DEBUG 44932 --- [taleswipe] [           main] org.hibernate.SQL                        : 
    alter table if exists user_story_interactions 
       drop constraint if exists FK5hjqqu68h98pm4w66cdn4fira
Hibernate: 
    alter table if exists user_story_interactions 
       drop constraint if exists FK5hjqqu68h98pm4w66cdn4fira
2025-06-15T06:32:54.944+07:00 DEBUG 44932 --- [taleswipe] [           main] org.hibernate.SQL                        : 
    drop table if exists comments cascade
Hibernate: 
    drop table if exists comments cascade
2025-06-15T06:32:54.947+07:00 DEBUG 44932 --- [taleswipe] [           main] org.hibernate.SQL                        : 
    drop table if exists pages cascade
Hibernate: 
    drop table if exists pages cascade
2025-06-15T06:32:54.950+07:00 DEBUG 44932 --- [taleswipe] [           main] org.hibernate.SQL                        : 
    drop table if exists reports cascade
Hibernate: 
    drop table if exists reports cascade
2025-06-15T06:32:54.953+07:00 DEBUG 44932 --- [taleswipe] [           main] org.hibernate.SQL                        : 
    drop table if exists stories cascade
Hibernate: 
    drop table if exists stories cascade
2025-06-15T06:32:54.955+07:00 DEBUG 44932 --- [taleswipe] [           main] org.hibernate.SQL                        : 
    drop table if exists story_genres cascade
Hibernate: 
    drop table if exists story_genres cascade
2025-06-15T06:32:54.956+07:00 DEBUG 44932 --- [taleswipe] [           main] org.hibernate.SQL                        : 
    drop table if exists story_likes cascade
Hibernate: 
    drop table if exists story_likes cascade
2025-06-15T06:32:54.959+07:00 DEBUG 44932 --- [taleswipe] [           main] org.hibernate.SQL                        : 
    drop table if exists user_genres cascade
Hibernate: 
    drop table if exists user_genres cascade
2025-06-15T06:32:54.961+07:00 DEBUG 44932 --- [taleswipe] [           main] org.hibernate.SQL                        : 
    drop table if exists user_story_interactions cascade
Hibernate: 
    drop table if exists user_story_interactions cascade
2025-06-15T06:32:54.962+07:00 DEBUG 44932 --- [taleswipe] [           main] org.hibernate.SQL                        : 
    drop table if exists users cascade
Hibernate: 
    drop table if exists users cascade
2025-06-15T06:32:54.970+07:00 DEBUG 44932 --- [taleswipe] [           main] org.hibernate.SQL                        : 
    create table comments (
        user_id uuid not null,
        comment_id varchar(255) not null,
        comment_text TEXT not null,
        parent_comment_id varchar(255),
        story_id varchar(255) not null,
        primary key (comment_id)
    )
Hibernate: 
    create table comments (
        user_id uuid not null,
        comment_id varchar(255) not null,
        comment_text TEXT not null,
        parent_comment_id varchar(255),
        story_id varchar(255) not null,
        primary key (comment_id)
    )
2025-06-15T06:32:54.981+07:00 DEBUG 44932 --- [taleswipe] [           main] org.hibernate.SQL                        : 
    create table pages (
        page_number integer not null,
        content TEXT not null,
        page_id varchar(255) not null,
        story_id varchar(255) not null,
        primary key (page_id)
    )
Hibernate: 
    create table pages (
        page_number integer not null,
        content TEXT not null,
        page_id varchar(255) not null,
        story_id varchar(255) not null,
        primary key (page_id)
    )
2025-06-15T06:32:54.985+07:00 DEBUG 44932 --- [taleswipe] [           main] org.hibernate.SQL                        : 
    create table reports (
        sender_id uuid not null,
        content_id varchar(255) not null,
        jenis_laporan varchar(255) not null,
        report_id varchar(255) not null,
        report_text TEXT not null,
        primary key (report_id)
    )
Hibernate: 
    create table reports (
        sender_id uuid not null,
        content_id varchar(255) not null,
        jenis_laporan varchar(255) not null,
        report_id varchar(255) not null,
        report_text TEXT not null,
        primary key (report_id)
    )
2025-06-15T06:32:54.988+07:00 DEBUG 44932 --- [taleswipe] [           main] org.hibernate.SQL                        : 
    create table stories (
        author_id uuid not null,
        description varchar(255) not null,
        story_id varchar(255) not null,
        title varchar(255) not null,
        primary key (story_id)
    )
Hibernate: 
    create table stories (
        author_id uuid not null,
        description varchar(255) not null,
        story_id varchar(255) not null,
        title varchar(255) not null,
        primary key (story_id)
    )
2025-06-15T06:32:54.992+07:00 DEBUG 44932 --- [taleswipe] [           main] org.hibernate.SQL                        : 
    create table story_genres (
        genre varchar(255),
        story_id varchar(255) not null
    )
Hibernate: 
    create table story_genres (
        genre varchar(255),
        story_id varchar(255) not null
    )
2025-06-15T06:32:54.996+07:00 DEBUG 44932 --- [taleswipe] [           main] org.hibernate.SQL                        : 
    create table story_likes (
        id bigint generated by default as identity,
        user_id uuid,
        story_story_id varchar(255),
        primary key (id)
    )
Hibernate: 
    create table story_likes (
        id bigint generated by default as identity,
        user_id uuid,
        story_story_id varchar(255),
        primary key (id)
    )
2025-06-15T06:32:55.000+07:00 DEBUG 44932 --- [taleswipe] [           main] org.hibernate.SQL                        : 
    create table user_genres (
        user_id uuid not null,
        genre varchar(255)
    )
Hibernate: 
    create table user_genres (
        user_id uuid not null,
        genre varchar(255)
    )
2025-06-15T06:32:55.001+07:00 DEBUG 44932 --- [taleswipe] [           main] org.hibernate.SQL                        : 
    create table user_story_interactions (
        bookmarked boolean not null,
        liked boolean not null,
        interacted_at timestamp(6),
        read_duration bigint not null,
        id uuid not null,
        user_id uuid not null,
        story_id varchar(255) not null,
        primary key (id)
    )
Hibernate: 
    create table user_story_interactions (
        bookmarked boolean not null,
        liked boolean not null,
        interacted_at timestamp(6),
        read_duration bigint not null,
        id uuid not null,
        user_id uuid not null,
        story_id varchar(255) not null,
        primary key (id)
    )
2025-06-15T06:32:55.004+07:00 DEBUG 44932 --- [taleswipe] [           main] org.hibernate.SQL                        : 
    create table users (
        id uuid not null,
        email varchar(255) not null,
        name varchar(255) not null,
        password varchar(255) not null,
        profile_picture varchar(255),
        role varchar(255) check (role in ('USER','ADMIN')),
        username varchar(255) not null unique,
        primary key (id)
    )
Hibernate: 
    create table users (
        id uuid not null,
        email varchar(255) not null,
        name varchar(255) not null,
        password varchar(255) not null,
        profile_picture varchar(255),
        role varchar(255) check (role in ('USER','ADMIN')),
        username varchar(255) not null unique,
        primary key (id)
    )
2025-06-15T06:32:55.009+07:00 DEBUG 44932 --- [taleswipe] [           main] org.hibernate.SQL                        : 
    alter table if exists comments 
       add constraint FK7h839m3lkvhbyv3bcdv7sm4fj 
       foreign key (parent_comment_id) 
       references comments
Hibernate: 
    alter table if exists comments 
       add constraint FK7h839m3lkvhbyv3bcdv7sm4fj 
       foreign key (parent_comment_id) 
       references comments
2025-06-15T06:32:55.012+07:00 DEBUG 44932 --- [taleswipe] [           main] org.hibernate.SQL                        : 
    alter table if exists comments 
       add constraint FKmb9bc55qru1mpcrpqducqc7c 
       foreign key (story_id) 
       references stories
Hibernate: 
    alter table if exists comments 
       add constraint FKmb9bc55qru1mpcrpqducqc7c 
       foreign key (story_id) 
       references stories
2025-06-15T06:32:55.014+07:00 DEBUG 44932 --- [taleswipe] [           main] org.hibernate.SQL                        : 
    alter table if exists comments 
       add constraint FK8omq0tc18jd43bu5tjh6jvraq 
       foreign key (user_id) 
       references users
Hibernate: 
    alter table if exists comments 
       add constraint FK8omq0tc18jd43bu5tjh6jvraq 
       foreign key (user_id) 
       references users
2025-06-15T06:32:55.016+07:00 DEBUG 44932 --- [taleswipe] [           main] org.hibernate.SQL                        : 
    alter table if exists pages 
       add constraint FKefri28o4xrb1uj1ermdq5w8pv 
       foreign key (story_id) 
       references stories
Hibernate: 
    alter table if exists pages 
       add constraint FKefri28o4xrb1uj1ermdq5w8pv 
       foreign key (story_id) 
       references stories
2025-06-15T06:32:55.018+07:00 DEBUG 44932 --- [taleswipe] [           main] org.hibernate.SQL                        : 
    alter table if exists reports 
       add constraint FKgs3miqdd5ftfsqcg0nxp205ko 
       foreign key (content_id) 
       references stories
Hibernate: 
    alter table if exists reports 
       add constraint FKgs3miqdd5ftfsqcg0nxp205ko 
       foreign key (content_id) 
       references stories
2025-06-15T06:32:55.019+07:00 DEBUG 44932 --- [taleswipe] [           main] org.hibernate.SQL                        : 
    alter table if exists reports 
       add constraint FKaf5vwr2r9722vw8buhtjmf3do 
       foreign key (sender_id) 
       references users
Hibernate: 
    alter table if exists reports 
       add constraint FKaf5vwr2r9722vw8buhtjmf3do 
       foreign key (sender_id) 
       references users
2025-06-15T06:32:55.021+07:00 DEBUG 44932 --- [taleswipe] [           main] org.hibernate.SQL                        : 
    alter table if exists stories 
       add constraint FKa4ak6n0w5tjjxht2tky5iovmc 
       foreign key (author_id) 
       references users
Hibernate: 
    alter table if exists stories 
       add constraint FKa4ak6n0w5tjjxht2tky5iovmc 
       foreign key (author_id) 
       references users
2025-06-15T06:32:55.022+07:00 DEBUG 44932 --- [taleswipe] [           main] org.hibernate.SQL                        : 
    alter table if exists story_genres 
       add constraint FKfdr4gxll84en8qba999025rc9 
       foreign key (story_id) 
       references stories
Hibernate: 
    alter table if exists story_genres 
       add constraint FKfdr4gxll84en8qba999025rc9 
       foreign key (story_id) 
       references stories
2025-06-15T06:32:55.024+07:00 DEBUG 44932 --- [taleswipe] [           main] org.hibernate.SQL                        : 
    alter table if exists story_likes 
       add constraint FKi57lrgupecmycbkveelx0bltu 
       foreign key (story_story_id) 
       references stories
Hibernate: 
    alter table if exists story_likes 
       add constraint FKi57lrgupecmycbkveelx0bltu 
       foreign key (story_story_id) 
       references stories
2025-06-15T06:32:55.026+07:00 DEBUG 44932 --- [taleswipe] [           main] org.hibernate.SQL                        : 
    alter table if exists story_likes 
       add constraint FKo2p5ura3qbwbn1lb46om8en1w 
       foreign key (user_id) 
       references users
Hibernate: 
    alter table if exists story_likes 
       add constraint FKo2p5ura3qbwbn1lb46om8en1w 
       foreign key (user_id) 
       references users
2025-06-15T06:32:55.027+07:00 DEBUG 44932 --- [taleswipe] [           main] org.hibernate.SQL                        : 
    alter table if exists user_genres 
       add constraint FKmwqpompk5ps1c2gi0569f8mle 
       foreign key (user_id) 
       references users
Hibernate: 
    alter table if exists user_genres 
       add constraint FKmwqpompk5ps1c2gi0569f8mle 
       foreign key (user_id) 
       references users
2025-06-15T06:32:55.029+07:00 DEBUG 44932 --- [taleswipe] [           main] org.hibernate.SQL                        : 
    alter table if exists user_story_interactions 
       add constraint FK5wbwy245xbjwpqx90sqykvsv4 
       foreign key (story_id) 
       references stories
Hibernate: 
    alter table if exists user_story_interactions 
       add constraint FK5wbwy245xbjwpqx90sqykvsv4 
       foreign key (story_id) 
       references stories
2025-06-15T06:32:55.033+07:00 DEBUG 44932 --- [taleswipe] [           main] org.hibernate.SQL                        : 
    alter table if exists user_story_interactions 
       add constraint FK5hjqqu68h98pm4w66cdn4fira 
       foreign key (user_id) 
       references users
Hibernate: 
    alter table if exists user_story_interactions 
       add constraint FK5hjqqu68h98pm4w66cdn4fira 
       foreign key (user_id) 
       references users
2025-06-15T06:32:55.040+07:00  INFO 44932 --- [taleswipe] [           main] j.LocalContainerEntityManagerFactoryBean : Initialized JPA EntityManagerFactory for persistence unit 'default'
2025-06-15T06:32:55.526+07:00  INFO 44932 --- [taleswipe] [           main] o.s.d.j.r.query.QueryEnhancerFactory     : Hibernate is in classpath; If applicable, HQL parser will be used.
2025-06-15T06:32:56.312+07:00  INFO 44932 --- [taleswipe] [           main] r$InitializeUserDetailsManagerConfigurer : Global AuthenticationManager configured with UserDetailsService bean with name customUserDetailsService
2025-06-15T06:32:56.383+07:00  WARN 44932 --- [taleswipe] [           main] JpaBaseConfiguration$JpaWebConfiguration : spring.jpa.open-in-view is enabled by default. Therefore, database queries may be performed during view rendering. Explicitly configure spring.jpa.open-in-view to disable this warning
2025-06-15T06:32:56.438+07:00  INFO 44932 --- [taleswipe] [           main] o.s.b.a.w.s.WelcomePageHandlerMapping    : Adding welcome page: class path resource [static/index.html]
2025-06-15T06:32:56.558+07:00 DEBUG 44932 --- [taleswipe] [           main] s.w.s.m.m.a.RequestMappingHandlerMapping : 34 mappings in 'requestMappingHandlerMapping'
2025-06-15T06:32:56.761+07:00 DEBUG 44932 --- [taleswipe] [           main] o.s.w.s.c.annotation.WebMvcConfigurer    : Default resource handling disabled
2025-06-15T06:32:56.771+07:00 DEBUG 44932 --- [taleswipe] [           main] o.s.w.s.handler.SimpleUrlHandlerMapping  : Patterns [/uploads/**] in 'resourceHandlerMapping'
2025-06-15T06:32:57.211+07:00 DEBUG 44932 --- [taleswipe] [           main] s.w.s.m.m.a.RequestMappingHandlerAdapter : ControllerAdvice beans: 0 @ModelAttribute, 0 @InitBinder, 1 RequestBodyAdvice, 1 ResponseBodyAdvice
2025-06-15T06:32:57.267+07:00  WARN 44932 --- [taleswipe] [           main] ion$DefaultTemplateResolverConfiguration : Cannot find template location: classpath:/templates/ (please add some templates, check your Thymeleaf configuration, or set spring.thymeleaf.check-template-location=false)
2025-06-15T06:32:57.294+07:00 DEBUG 44932 --- [taleswipe] [           main] .m.m.a.ExceptionHandlerExceptionResolver : ControllerAdvice beans: 0 @ExceptionHandler, 1 ResponseBodyAdvice
2025-06-15T06:32:57.419+07:00  INFO 44932 --- [taleswipe] [           main] com.PBO.TaleSwipe.DemoApplicationTests   : Started DemoApplicationTests in 6.779 seconds (process running for 7.952)
]]></system-out>
    <system-err><![CDATA[Mockito is currently self-attaching to enable the inline-mock-maker. This will no longer work in future releases of the JDK. Please add Mockito as an agent to your build as described in Mockito's documentation: https://javadoc.io/doc/org.mockito/mockito-core/latest/org.mockito/org/mockito/Mockito.html#0.3
WARNING: A Java agent has been loaded dynamically (C:\Users\IRHAM\.m2\repository\net\bytebuddy\byte-buddy-agent\1.17.5\byte-buddy-agent-1.17.5.jar)
WARNING: If a serviceability tool is in use, please run with -XX:+EnableDynamicAgentLoading to hide this warning
WARNING: If a serviceability tool is not in use, please run with -Djdk.instrument.traceUsage for more information
WARNING: Dynamic loading of agents will be disallowed by default in a future release
]]></system-err>
  </testcase>
</testsuite>